2019-03-18 19:35:00,407 :: DEBUG: Opening https://cpm25.hakeryu.ga/api/token/obtain/api_key/
2019-03-18 19:35:01,328 :: DEBUG: Data: {'api_key': 'b9490fab3f625213809e87fab64a818b4b60041ea5c59c4405117fc4ede35021b96ae8b056386dfaad7bf00b4c4199869d75d4dcb061ec9c36f830d9078879f3'}
2019-03-18 19:35:01,328 :: INFO: Token recived: eyJhbGciOiJIUzI1NiIsInR5cCI6IkpXVCJ9.eyJ0b2tlbl90eXBlIjoiYWNjZXNzIiwidXNlcl9pZCI6IjEiLCJqdGkiOiIyNTg0NmRiNTUxNGM0MDFkYWVjNDNiOWJkM2M2ODJiNCIsImFjYyI6IkNVU1RPTUVSUyIsImV4cCI6MTU1MjkzMDUwMX0.B9tzfn59Qaa7804vyedTsLZ0uJnAMVSpnC2PWqFxd94
2019-03-18 19:35:01,329 :: INFO: CPM API worker initialized
2019-03-18 19:35:01,329 :: DEBUG: Opening https://cpm25.hakeryu.ga/api/backups/
2019-03-18 19:35:02,051 :: DEBUG: Data: None
2019-03-18 19:35:07,395 :: DEBUG: Opening https://cpm25.hakeryu.ga/api/token/obtain/api_key/
2019-03-18 19:35:08,263 :: DEBUG: Data: {'api_key': 'b9490fab3f625213809e87fab64a818b4b60041ea5c59c4405117fc4ede35021b96ae8b056386dfaad7bf00b4c4199869d75d4dcb061ec9c36f830d9078879f3'}
2019-03-18 19:35:08,263 :: INFO: Token recived: eyJhbGciOiJIUzI1NiIsInR5cCI6IkpXVCJ9.eyJ0b2tlbl90eXBlIjoiYWNjZXNzIiwidXNlcl9pZCI6IjEiLCJqdGkiOiI5YzhmNTRmZDkyZTg0NDcxOGE1OTRhZWZiMTFlYjVjNSIsImFjYyI6IkNVU1RPTUVSUyIsImV4cCI6MTU1MjkzMDUwOH0.v8KcLuNZNV2YIh6ZRL22W53k4pv-zNZAiBCUZVzzy5k
2019-03-18 19:35:08,263 :: INFO: CPM API worker initialized
2019-03-18 19:35:08,263 :: DEBUG: Opening https://cpm25.hakeryu.ga/api/backups/
2019-03-18 19:35:08,982 :: DEBUG: Data: None
2019-03-18 19:43:18,348 :: DEBUG: Opening https://cpm25.hakeryu.ga/api/token/obtain/api_key/
2019-03-18 19:43:19,272 :: DEBUG: Data: {'api_key': 'b9490fab3f625213809e87fab64a818b4b60041ea5c59c4405117fc4ede35021b96ae8b056386dfaad7bf00b4c4199869d75d4dcb061ec9c36f830d9078879f3'}
2019-03-18 19:43:19,272 :: INFO: Token recived: eyJhbGciOiJIUzI1NiIsInR5cCI6IkpXVCJ9.eyJ0b2tlbl90eXBlIjoiYWNjZXNzIiwidXNlcl9pZCI6IjEiLCJqdGkiOiI2YTE4YTM2ZDRlOTM0NTM3ODFmYzdiNDU5ZjdjMzk2MCIsImFjYyI6IkNVU1RPTUVSUyIsImV4cCI6MTU1MjkzMDk5OX0.BDp0lB0Ie3Q4oGeOxPgkWV3Qk6n7l6lZa-V0l6ehJVA
2019-03-18 19:43:19,272 :: INFO: CPM API worker initialized
2019-03-18 19:43:19,272 :: DEBUG: Opening https://cpm25.hakeryu.ga/api/backups/
2019-03-18 19:43:20,010 :: DEBUG: Data: None
2019-03-18 19:44:27,206 :: DEBUG: Opening https://cpm25.hakeryu.ga/api/token/obtain/api_key/
2019-03-18 19:44:28,108 :: DEBUG: Data: {'api_key': 'b9490fab3f625213809e87fab64a818b4b60041ea5c59c4405117fc4ede35021b96ae8b056386dfaad7bf00b4c4199869d75d4dcb061ec9c36f830d9078879f3'}
2019-03-18 19:44:28,108 :: INFO: Token recived: eyJhbGciOiJIUzI1NiIsInR5cCI6IkpXVCJ9.eyJ0b2tlbl90eXBlIjoiYWNjZXNzIiwidXNlcl9pZCI6IjEiLCJqdGkiOiJjODgzM2Y0YTM3NWQ0YTNkYmM1YWUwZjk2MzZiMDM4ZiIsImFjYyI6IkNVU1RPTUVSUyIsImV4cCI6MTU1MjkzMTA2N30.ejx2lQmCWrWQElN5IS-CfhUcLwEAyYuk288rAVjt71Q
2019-03-18 19:44:28,108 :: INFO: CPM API worker initialized
2019-03-18 19:44:48,325 :: DEBUG: Opening https://cpm25.hakeryu.ga/api/token/obtain/api_key/
2019-03-18 19:44:49,250 :: DEBUG: Data: {'api_key': 'b9490fab3f625213809e87fab64a818b4b60041ea5c59c4405117fc4ede35021b96ae8b056386dfaad7bf00b4c4199869d75d4dcb061ec9c36f830d9078879f3'}
2019-03-18 19:44:49,250 :: INFO: Token recived: eyJhbGciOiJIUzI1NiIsInR5cCI6IkpXVCJ9.eyJ0b2tlbl90eXBlIjoiYWNjZXNzIiwidXNlcl9pZCI6IjEiLCJqdGkiOiJjMTc5ZjgxOGUwZGQ0NDAwYTlkOTc5YzhmNTg5NmFlZSIsImFjYyI6IkNVU1RPTUVSUyIsImV4cCI6MTU1MjkzMTA4OX0.1ZXVZxgiUeTs1sXPmT1oahCs_WLBmkUcSERBqXGUeUk
2019-03-18 19:44:49,250 :: INFO: CPM API worker initialized
2019-03-18 19:44:49,250 :: DEBUG: Opening https://cpm25.hakeryu.ga/api/backups/
2019-03-18 19:44:49,999 :: DEBUG: Data: None
2019-03-18 19:44:55,862 :: DEBUG: Opening https://cpm25.hakeryu.ga/api/token/obtain/api_key/
2019-03-18 19:44:56,802 :: DEBUG: Data: {'api_key': 'b9490fab3f625213809e87fab64a818b4b60041ea5c59c4405117fc4ede35021b96ae8b056386dfaad7bf00b4c4199869d75d4dcb061ec9c36f830d9078879f3'}
2019-03-18 19:44:56,802 :: INFO: Token recived: eyJhbGciOiJIUzI1NiIsInR5cCI6IkpXVCJ9.eyJ0b2tlbl90eXBlIjoiYWNjZXNzIiwidXNlcl9pZCI6IjEiLCJqdGkiOiI5NWI0OTQwMDg5MzM0ZjY3YjRlNzJmN2MwYTllY2Q5MyIsImFjYyI6IkNVU1RPTUVSUyIsImV4cCI6MTU1MjkzMTA5Nn0.wUn0v0ngjkG92oLegzAIB9WMDV1hiU1aiHaNdMOaXnc
2019-03-18 19:44:56,802 :: INFO: CPM API worker initialized
2019-03-18 19:44:56,802 :: DEBUG: Opening https://cpm25.hakeryu.ga/api/backups/
2019-03-18 19:44:57,539 :: DEBUG: Data: None
2019-03-18 19:48:01,392 :: DEBUG: Opening https://cpm25.hakeryu.ga/api/token/obtain/api_key/
2019-03-18 19:48:02,290 :: DEBUG: Data: {'api_key': 'b9490fab3f625213809e87fab64a818b4b60041ea5c59c4405117fc4ede35021b96ae8b056386dfaad7bf00b4c4199869d75d4dcb061ec9c36f830d9078879f3'}
2019-03-18 19:48:02,290 :: INFO: Token recived: eyJhbGciOiJIUzI1NiIsInR5cCI6IkpXVCJ9.eyJ0b2tlbl90eXBlIjoiYWNjZXNzIiwidXNlcl9pZCI6IjEiLCJqdGkiOiI0Zjk0NDMwZmUwZWE0ZTIwYTM5M2E5NzgzZWQ2NjFmYiIsImFjYyI6IkNVU1RPTUVSUyIsImV4cCI6MTU1MjkzMTI4Mn0.WoHIcJszzsdWlZ4Atetd1_YZf6KlIqmq5ZuIcNgzKR8
2019-03-18 19:48:02,290 :: INFO: CPM API worker initialized
2019-03-18 19:48:02,290 :: DEBUG: Opening https://cpm25.hakeryu.ga/api/backups/
2019-03-18 19:48:02,986 :: DEBUG: Data: None
2019-03-18 19:48:16,335 :: DEBUG: Opening https://cpm25.hakeryu.ga/api/token/obtain/api_key/
2019-03-18 19:48:17,289 :: DEBUG: Data: {'api_key': 'b9490fab3f625213809e87fab64a818b4b60041ea5c59c4405117fc4ede35021b96ae8b056386dfaad7bf00b4c4199869d75d4dcb061ec9c36f830d9078879f3'}
2019-03-18 19:48:17,289 :: INFO: Token recived: eyJhbGciOiJIUzI1NiIsInR5cCI6IkpXVCJ9.eyJ0b2tlbl90eXBlIjoiYWNjZXNzIiwidXNlcl9pZCI6IjEiLCJqdGkiOiI4MWVhOTZhYzM1OGQ0ZDlkOGUwNGVhYWY1YTkyMGFhZSIsImFjYyI6IkNVU1RPTUVSUyIsImV4cCI6MTU1MjkzMTI5N30.V2fbJ0lBNbd4AW8T7D-dQIv72ueIU-tpRcPuN-TaUNk
2019-03-18 19:48:17,289 :: INFO: CPM API worker initialized
2019-03-18 19:48:17,289 :: DEBUG: Opening https://cpm25.hakeryu.ga/api/backups/
2019-03-18 19:48:18,009 :: DEBUG: Data: None
2019-03-18 19:53:02,230 :: DEBUG: Opening https://cpm25.hakeryu.ga/api/token/obtain/api_key/
2019-03-18 19:53:03,099 :: DEBUG: Data: {'api_key': 'b9490fab3f625213809e87fab64a818b4b60041ea5c59c4405117fc4ede35021b96ae8b056386dfaad7bf00b4c4199869d75d4dcb061ec9c36f830d9078879f3'}
2019-03-18 19:53:03,099 :: INFO: Token recived: eyJhbGciOiJIUzI1NiIsInR5cCI6IkpXVCJ9.eyJ0b2tlbl90eXBlIjoiYWNjZXNzIiwidXNlcl9pZCI6IjEiLCJqdGkiOiI1MWY2N2NkNGQ1NzU0NTFmOTZjMDIwYjQ0YzcwYzBmYSIsImFjYyI6IkNVU1RPTUVSUyIsImV4cCI6MTU1MjkzMTU4Mn0.BFZ6ixdiyV4ANd1-bpBnZnIYQCFpQ7cbQejPhBl534A
2019-03-18 19:53:03,099 :: INFO: CPM API worker initialized
2019-03-18 19:53:03,101 :: DEBUG: Opening https://cpm25.hakeryu.ga/api/backups/
2019-03-18 19:53:03,786 :: DEBUG: Data: None
2019-03-18 19:53:25,351 :: DEBUG: Opening https://cpm25.hakeryu.ga/api/token/obtain/api_key/
2019-03-18 19:53:26,229 :: DEBUG: Data: {'api_key': 'b9490fab3f625213809e87fab64a818b4b60041ea5c59c4405117fc4ede35021b96ae8b056386dfaad7bf00b4c4199869d75d4dcb061ec9c36f830d9078879f3'}
2019-03-18 19:53:26,229 :: INFO: Token recived: eyJhbGciOiJIUzI1NiIsInR5cCI6IkpXVCJ9.eyJ0b2tlbl90eXBlIjoiYWNjZXNzIiwidXNlcl9pZCI6IjEiLCJqdGkiOiJiY2UwNDY3ZjVhMDE0ZDdjYTEzMzEyYTQ0M2RlMGU3YSIsImFjYyI6IkNVU1RPTUVSUyIsImV4cCI6MTU1MjkzMTYwNn0.nEqcSwe8dvlvQA7ZDq0yNppNAeC-C_I37ii1QsrhTNQ
2019-03-18 19:53:26,229 :: INFO: CPM API worker initialized
2019-03-18 19:53:26,229 :: DEBUG: Opening https://cpm25.hakeryu.ga/api/backups/
2019-03-18 19:53:26,911 :: DEBUG: Data: None
2019-03-18 19:58:20,013 :: DEBUG: Opening https://cpm25.hakeryu.ga/api/token/obtain/api_key/
2019-03-18 19:58:20,908 :: DEBUG: Data: {'api_key': 'b9490fab3f625213809e87fab64a818b4b60041ea5c59c4405117fc4ede35021b96ae8b056386dfaad7bf00b4c4199869d75d4dcb061ec9c36f830d9078879f3'}
2019-03-18 19:58:20,908 :: INFO: Token recived: eyJhbGciOiJIUzI1NiIsInR5cCI6IkpXVCJ9.eyJ0b2tlbl90eXBlIjoiYWNjZXNzIiwidXNlcl9pZCI6IjEiLCJqdGkiOiJjN2ZjMzkzYTExNjQ0ZDc2YTA5NDZjMzUwYjE4YmMyMCIsImFjYyI6IkNVU1RPTUVSUyIsImV4cCI6MTU1MjkzMTkwMH0.2d7mDYrMDMogTaQPZrJmL-5z7eOZAUdiXwV4JO1AHhc
2019-03-18 19:58:20,908 :: INFO: CPM API worker initialized
2019-03-18 19:58:20,908 :: DEBUG: Opening https://cpm25.hakeryu.ga/api/backups/
2019-03-18 19:58:21,598 :: DEBUG: Data: None
2019-03-18 19:59:31,006 :: DEBUG: Opening https://cpm25.hakeryu.ga/api/token/obtain/api_key/
2019-03-18 19:59:31,904 :: DEBUG: Data: {'api_key': 'b9490fab3f625213809e87fab64a818b4b60041ea5c59c4405117fc4ede35021b96ae8b056386dfaad7bf00b4c4199869d75d4dcb061ec9c36f830d9078879f3'}
2019-03-18 19:59:31,905 :: INFO: Token recived: eyJhbGciOiJIUzI1NiIsInR5cCI6IkpXVCJ9.eyJ0b2tlbl90eXBlIjoiYWNjZXNzIiwidXNlcl9pZCI6IjEiLCJqdGkiOiIyYzE2YjQ5YTYwYTA0M2E4OGUwZWEyNTQ1MTVkMjE2OSIsImFjYyI6IkNVU1RPTUVSUyIsImV4cCI6MTU1MjkzMTk3MX0.c0fxrZ-lxGDJSXaFl6wlo_7IFL7Lm5gZuwB_s6PDVwE
2019-03-18 19:59:31,905 :: INFO: CPM API worker initialized
2019-03-18 19:59:31,905 :: DEBUG: Opening https://cpm25.hakeryu.ga/api/backups/
2019-03-18 19:59:32,608 :: DEBUG: Data: None
2019-03-18 20:02:29,579 :: DEBUG: Opening https://cpm25.hakeryu.ga/api/token/obtain/api_key/
2019-03-18 20:02:30,467 :: DEBUG: Data: {'api_key': 'b9490fab3f625213809e87fab64a818b4b60041ea5c59c4405117fc4ede35021b96ae8b056386dfaad7bf00b4c4199869d75d4dcb061ec9c36f830d9078879f3'}
2019-03-18 20:02:30,469 :: INFO: Token recived: eyJhbGciOiJIUzI1NiIsInR5cCI6IkpXVCJ9.eyJ0b2tlbl90eXBlIjoiYWNjZXNzIiwidXNlcl9pZCI6IjEiLCJqdGkiOiIwOGNhNTY3N2U0MTQ0YTRiYTJiODM0MDcwNTc0NGI4YyIsImFjYyI6IkNVU1RPTUVSUyIsImV4cCI6MTU1MjkzMjE1MH0.sw1z_WlZOz9FZZj3rmTmKWan-eGQMVlq_z_6JmlnruU
2019-03-18 20:02:30,469 :: INFO: CPM API worker initialized
2019-03-18 20:02:30,469 :: DEBUG: Opening https://cpm25.hakeryu.ga/api/backups/
2019-03-18 20:02:31,160 :: DEBUG: Data: None
2019-03-18 20:02:31,161 :: DEBUG: Opening https://cpm25.hakeryu.ga/api/backups/237/snapshots/copy_to_s3/
2019-03-18 20:02:31,783 :: DEBUG: Data: None
2019-03-18 20:02:31,783 :: DEBUG: Opening https://cpm25.hakeryu.ga/api/backups/238/snapshots/copy_to_s3/
2019-03-18 20:02:32,506 :: DEBUG: Data: None
2019-03-18 20:02:32,507 :: DEBUG: Opening https://cpm25.hakeryu.ga/api/backups/239/snapshots/copy_to_s3/
2019-03-18 20:02:33,109 :: DEBUG: Data: None
2019-03-18 20:02:33,111 :: DEBUG: Opening https://cpm25.hakeryu.ga/api/backups/241/snapshots/copy_to_s3/
2019-03-18 20:02:33,713 :: DEBUG: Data: None
2019-03-18 20:03:26,970 :: DEBUG: Opening https://cpm25.hakeryu.ga/api/token/obtain/api_key/
2019-03-18 20:03:27,865 :: DEBUG: Data: {'api_key': 'b9490fab3f625213809e87fab64a818b4b60041ea5c59c4405117fc4ede35021b96ae8b056386dfaad7bf00b4c4199869d75d4dcb061ec9c36f830d9078879f3'}
2019-03-18 20:03:27,865 :: INFO: Token recived: eyJhbGciOiJIUzI1NiIsInR5cCI6IkpXVCJ9.eyJ0b2tlbl90eXBlIjoiYWNjZXNzIiwidXNlcl9pZCI6IjEiLCJqdGkiOiI4OTg4MjgxN2Y5MzE0NmNlODVlYjFiYjVjYWY4Y2QyMCIsImFjYyI6IkNVU1RPTUVSUyIsImV4cCI6MTU1MjkzMjIwN30.qFb_1uMyvviPIZpDmVhXpQ1PwNLviExzRxa7NcWr8J4
2019-03-18 20:03:27,865 :: INFO: CPM API worker initialized
2019-03-18 20:03:27,865 :: DEBUG: Opening https://cpm25.hakeryu.ga/api/backups/
2019-03-18 20:03:28,532 :: DEBUG: Data: None
2019-03-18 20:03:28,533 :: DEBUG: Opening https://cpm25.hakeryu.ga/api/backups/237/snapshots/copy_to_s3/
2019-03-18 20:03:29,127 :: DEBUG: Data: None
2019-03-18 20:07:03,371 :: DEBUG: Opening https://cpm25.hakeryu.ga/api/token/obtain/api_key/
2019-03-18 20:07:04,256 :: DEBUG: Data: {'api_key': 'b9490fab3f625213809e87fab64a818b4b60041ea5c59c4405117fc4ede35021b96ae8b056386dfaad7bf00b4c4199869d75d4dcb061ec9c36f830d9078879f3'}
2019-03-18 20:07:04,256 :: INFO: Token recived: eyJhbGciOiJIUzI1NiIsInR5cCI6IkpXVCJ9.eyJ0b2tlbl90eXBlIjoiYWNjZXNzIiwidXNlcl9pZCI6IjEiLCJqdGkiOiJmOTIxZGU4YWU2ZWY0NzljYmVlNmFiZDEwZDZlZjZiZSIsImFjYyI6IkNVU1RPTUVSUyIsImV4cCI6MTU1MjkzMjQyNH0.6ATuB5_DaXivdT74-hWlN9KHNf6O5KBidto560ciZNQ
2019-03-18 20:07:04,256 :: INFO: CPM API worker initialized
2019-03-18 20:07:04,256 :: DEBUG: Opening https://cpm25.hakeryu.ga/api/backups/
2019-03-18 20:07:04,938 :: DEBUG: Data: None
2019-03-18 20:07:04,940 :: DEBUG: Opening https://cpm25.hakeryu.ga/api/backups/237/snapshots/copy_to_s3/
2019-03-18 20:07:05,569 :: DEBUG: Data: None
2019-03-18 20:07:05,569 :: DEBUG: Opening https://cpm25.hakeryu.ga/api/backups/238/snapshots/copy_to_s3/
2019-03-18 20:07:06,186 :: DEBUG: Data: None
2019-03-18 20:07:06,186 :: DEBUG: Opening https://cpm25.hakeryu.ga/api/backups/239/snapshots/copy_to_s3/
2019-03-18 20:07:06,786 :: DEBUG: Data: None
2019-03-18 20:07:06,786 :: DEBUG: Opening https://cpm25.hakeryu.ga/api/backups/241/snapshots/copy_to_s3/
2019-03-18 20:07:07,372 :: DEBUG: Data: None
2019-03-18 20:09:03,684 :: DEBUG: Opening https://cpm25.hakeryu.ga/api/token/obtain/api_key/
2019-03-18 20:09:04,608 :: DEBUG: Data: {'api_key': 'b9490fab3f625213809e87fab64a818b4b60041ea5c59c4405117fc4ede35021b96ae8b056386dfaad7bf00b4c4199869d75d4dcb061ec9c36f830d9078879f3'}
2019-03-18 20:09:04,608 :: INFO: Token recived: eyJhbGciOiJIUzI1NiIsInR5cCI6IkpXVCJ9.eyJ0b2tlbl90eXBlIjoiYWNjZXNzIiwidXNlcl9pZCI6IjEiLCJqdGkiOiJlODVhODNjOTFmN2Y0NDcwYTkyZGVhMWJiOTE4MTFjOSIsImFjYyI6IkNVU1RPTUVSUyIsImV4cCI6MTU1MjkzMjU0NH0.5i0ZbiIXKlJlnLq7XqifkRJtLpMsfvxpRnVR2eDXOi0
2019-03-18 20:09:04,608 :: INFO: CPM API worker initialized
2019-03-18 20:09:04,608 :: DEBUG: Opening https://cpm25.hakeryu.ga/api/backups/
2019-03-18 20:09:05,335 :: DEBUG: Data: None
2019-03-18 20:09:05,336 :: DEBUG: Opening https://cpm25.hakeryu.ga/api/backups/237/snapshots/copy_to_s3/
2019-03-18 20:09:05,989 :: DEBUG: Data: None
2019-03-18 20:10:17,630 :: DEBUG: Opening https://cpm25.hakeryu.ga/api/token/obtain/api_key/
2019-03-18 20:10:18,552 :: DEBUG: Data: {'api_key': 'b9490fab3f625213809e87fab64a818b4b60041ea5c59c4405117fc4ede35021b96ae8b056386dfaad7bf00b4c4199869d75d4dcb061ec9c36f830d9078879f3'}
2019-03-18 20:10:18,552 :: INFO: Token recived: eyJhbGciOiJIUzI1NiIsInR5cCI6IkpXVCJ9.eyJ0b2tlbl90eXBlIjoiYWNjZXNzIiwidXNlcl9pZCI6IjEiLCJqdGkiOiJlZWMyOTE1MjlmMmY0OTdmOTZhNThjMzU4OTc3ODhjNyIsImFjYyI6IkNVU1RPTUVSUyIsImV4cCI6MTU1MjkzMjYxOH0.vIwDiuTgsTwWNucSpbbsvC8crQc9zOHoqO4878zVZzk
2019-03-18 20:10:18,552 :: INFO: CPM API worker initialized
2019-03-18 20:10:18,552 :: DEBUG: Opening https://cpm25.hakeryu.ga/api/backups/
2019-03-18 20:10:19,257 :: DEBUG: Data: None
2019-03-18 20:10:19,259 :: DEBUG: Opening https://cpm25.hakeryu.ga/api/backups/237/snapshots/copy_to_s3/
2019-03-18 20:10:19,913 :: DEBUG: Data: None
2019-03-18 20:10:51,772 :: DEBUG: Opening https://cpm25.hakeryu.ga/api/token/obtain/api_key/
2019-03-18 20:10:52,680 :: DEBUG: Data: {'api_key': 'b9490fab3f625213809e87fab64a818b4b60041ea5c59c4405117fc4ede35021b96ae8b056386dfaad7bf00b4c4199869d75d4dcb061ec9c36f830d9078879f3'}
2019-03-18 20:10:52,680 :: INFO: Token recived: eyJhbGciOiJIUzI1NiIsInR5cCI6IkpXVCJ9.eyJ0b2tlbl90eXBlIjoiYWNjZXNzIiwidXNlcl9pZCI6IjEiLCJqdGkiOiI2NjIxMjg2MWYzNDU0NjY4OTQ4MjBhYmEyYTRjNjNjMSIsImFjYyI6IkNVU1RPTUVSUyIsImV4cCI6MTU1MjkzMjY1Mn0.zN7pHRZegPkwzbDNWI02szE4ockJRK63AHn3tR1ZXSQ
2019-03-18 20:10:52,680 :: INFO: CPM API worker initialized
2019-03-18 20:10:52,680 :: DEBUG: Opening https://cpm25.hakeryu.ga/api/backups/
2019-03-18 20:10:53,394 :: DEBUG: Data: None
2019-03-18 20:10:53,394 :: DEBUG: Opening https://cpm25.hakeryu.ga/api/backups/237/snapshots/copy_to_s3/
2019-03-18 20:10:54,042 :: DEBUG: Data: None
2019-03-18 20:10:54,042 :: DEBUG: Opening https://cpm25.hakeryu.ga/api/backups/238/snapshots/copy_to_s3/
2019-03-18 20:10:54,684 :: DEBUG: Data: None
2019-03-18 20:10:54,684 :: DEBUG: Opening https://cpm25.hakeryu.ga/api/backups/239/snapshots/copy_to_s3/
2019-03-18 20:10:55,358 :: DEBUG: Data: None
2019-03-18 20:10:55,358 :: DEBUG: Opening https://cpm25.hakeryu.ga/api/backups/241/snapshots/copy_to_s3/
2019-03-18 20:10:56,017 :: DEBUG: Data: None
